Using pre-set license

 COMMAND LINE ARGUMENTS:
/Applications/Unity/Hub/Editor/2020.3.7f1/Unity.app/Contents/MacOS/Unity
-adb2
-batchMode
-noUpm
-name
AssetImportWorker0
-projectPath
/Users/jurgfish/jj/current/r498/airobotfinalproj/CS498IR-Final-Project/airobot_unity
-logFile
Logs/AssetImportWorker0.log
-srvPort
51500
Successfully changed project path to: /Users/jurgfish/jj/current/r498/airobotfinalproj/CS498IR-Final-Project/airobot_unity
/Users/jurgfish/jj/current/r498/airobotfinalproj/CS498IR-Final-Project/airobot_unity
Using Asset Import Pipeline V2.
Refreshing native plugins compatible for Editor in 44.05 ms, found 2 plugins.
Preloading 0 native plugins for Editor in 0.00 ms.
Initialize engine version: 2020.3.7f1 (dd97f2c94397)
[Subsystems] Discovering subsystems at path /Applications/Unity/Hub/Editor/2020.3.7f1/Unity.app/Contents/Resources/UnitySubsystems
[Subsystems] Discovering subsystems at path /Users/jurgfish/jj/current/r498/airobotfinalproj/CS498IR-Final-Project/airobot_unity/Assets
GfxDevice: creating device client; threaded=0
2021-05-10 21:04:35.048 Unity[18229:1133267] Color LCD preferred device: Intel(R) Iris(TM) Plus Graphics 640 (low power)
2021-05-10 21:04:35.048 Unity[18229:1133267] Metal devices available: 1
2021-05-10 21:04:35.048 Unity[18229:1133267] 0: Intel(R) Iris(TM) Plus Graphics 640 (low power)
2021-05-10 21:04:35.049 Unity[18229:1133267] Using device Intel(R) Iris(TM) Plus Graphics 640 (low power)
Initializing Metal device caps: Intel(R) Iris(TM) Plus Graphics 640
Initialize mono
Mono path[0] = '/Applications/Unity/Hub/Editor/2020.3.7f1/Unity.app/Contents/Managed'
Mono path[1] = '/Applications/Unity/Hub/Editor/2020.3.7f1/Unity.app/Contents/MonoBleedingEdge/lib/mono/unityjit'
Mono config path = '/Applications/Unity/Hub/Editor/2020.3.7f1/Unity.app/Contents/MonoBleedingEdge/etc'
Using monoOptions --debugger-agent=transport=dt_socket,embedding=1,server=y,suspend=n,address=127.0.0.1:56229
Begin MonoManager ReloadAssembly
Registering precompiled unity dll's ...
Register platform support module: /Applications/Unity/Hub/Editor/2020.3.7f1/Unity.app/Contents/PlaybackEngines/MacStandaloneSupport/UnityEditor.OSXStandalone.Extensions.dll
Registered in 0.003474 seconds.
Native extension for OSXStandalone target not found
Refreshing native plugins compatible for Editor in 25.78 ms, found 2 plugins.
Preloading 0 native plugins for Editor in 0.00 ms.
Mono: successfully reloaded assembly
- Completed reload, in  2.144 seconds
Platform modules already initialized, skipping
Registering precompiled user dll's ...
Registered in 0.001849 seconds.
Begin MonoManager ReloadAssembly
Native extension for OSXStandalone target not found
Refreshing native plugins compatible for Editor in 0.37 ms, found 2 plugins.
Preloading 0 native plugins for Editor in 0.00 ms.
Mono: successfully reloaded assembly
- Completed reload, in  1.225 seconds
Platform modules already initialized, skipping
========================================================================
Worker process is ready to serve import requests
Launching external process: /Applications/Unity/Hub/Editor/2020.3.7f1/Unity.app/Contents/Tools/UnityShaderCompiler
Launched and connected shader compiler UnityShaderCompiler after 0.03 seconds
Refreshing native plugins compatible for Editor in 0.27 ms, found 2 plugins.
Preloading 0 native plugins for Editor in 0.00 ms.
Unloading 1200 Unused Serialized files (Serialized files now loaded: 0)
System memory in use before: 110.3 MB.
System memory in use after: 110.3 MB.

Unloading 13 unused Assets to reduce memory usage. Loaded Objects now: 1639.
Total: 2.763726 ms (FindLiveObjects: 0.442751 ms CreateObjectMapping: 0.096743 ms MarkObjects: 2.087996 ms  DeleteObjects: 0.133197 ms)

========================================================================
Received Import Request.
  path: Assets/drone.dae
  artifactKey: Guid(7b69921560ded45f3abd92248c823a19) Importer(815301076,1909f56bfc062723c751e8b465ee728b)
Start importing Assets/drone.dae using Guid(7b69921560ded45f3abd92248c823a19) Importer(815301076,1909f56bfc062723c751e8b465ee728b)  -> (artifact id: '8089c66e7fcf71eb4b74f1954c68f623') in 1.144723 seconds
  Import took 1.147470 seconds .

========================================================================
Received Import Request.
  Time since last request: 0.000268 seconds.
  path: Assets/airobot.urdf
  artifactKey: Guid(1066df77fb6e9474c90ed63861db7057) Importer(815301076,1909f56bfc062723c751e8b465ee728b)
Start importing Assets/airobot.urdf using Guid(1066df77fb6e9474c90ed63861db7057) Importer(815301076,1909f56bfc062723c751e8b465ee728b)  -> (artifact id: 'd0216963837bfe93bebbbb6361139f37') in 0.881718 seconds
  Import took 0.883732 seconds .

========================================================================
Received Import Request.
  Time since last request: 42.447813 seconds.
  path: Assets/airobot.urdf
  artifactKey: Guid(1066df77fb6e9474c90ed63861db7057) Importer(815301076,1909f56bfc062723c751e8b465ee728b)
Start importing Assets/airobot.urdf using Guid(1066df77fb6e9474c90ed63861db7057) Importer(815301076,1909f56bfc062723c751e8b465ee728b)  -> (artifact id: 'f297bcc2eca9c911a2ef0aaa7008e55a') in 0.002940 seconds
  Import took 0.006571 seconds .

